# JRE version: Java(TM) SE Runtime Environment (8.0_65-b17) (build 1.8.0_65-b17)
# Java VM: Java HotSpot(TM) 64-Bit Server VM (25.65-b01 mixed mode linux-amd64 compressed oops)
Heap:
 PSYoungGen      total 118784K, used 5104K [0x00000000eab00000, 0x00000000f2400000, 0x0000000100000000)
  eden space 113664K, 0% used [0x00000000eab00000,0x00000000eab00000,0x00000000f1a00000)
  from space 5120K, 99% used [0x00000000f1a00000,0x00000000f1efc1b8,0x00000000f1f00000)
  to   space 3072K, 0% used [0x00000000f2100000,0x00000000f2100000,0x00000000f2400000)
 ParOldGen       total 145408K, used 26387K [0x00000000c0000000, 0x00000000c8e00000, 0x00000000eab00000)
  object space 145408K, 18% used [0x00000000c0000000,0x00000000c19c4f18,0x00000000c8e00000)
 Metaspace       used 4746K, capacity 5464K, committed 5760K, reserved 1056768K
  class space    used 495K, capacity 528K, committed 640K, reserved 1048576K
GC Heap History (10 events):
Event: 0.221 GC heap after
Heap after GC invocations=1 (full 0):
 PSYoungGen      total 36864K, used 5111K [0x00000000eab00000, 0x00000000ef300000, 0x0000000100000000)
  eden space 31744K, 0% used [0x00000000eab00000,0x00000000eab00000,0x00000000eca00000)
  from space 5120K, 99% used [0x00000000eca00000,0x00000000ecefdf38,0x00000000ecf00000)
  to   space 5120K, 0% used [0x00000000eee00000,0x00000000eee00000,0x00000000ef300000)
 ParOldGen       total 84992K, used 3132K [0x00000000c0000000, 0x00000000c5300000, 0x00000000eab00000)
  object space 84992K, 3% used [0x00000000c0000000,0x00000000c030f298,0x00000000c5300000)
 Metaspace       used 3519K, capacity 4720K, committed 4864K, reserved 1056768K
  class space    used 374K, capacity 424K, committed 512K, reserved 1048576K
}
Event: 0.330 GC heap before
{Heap before GC invocations=2 (full 0):
 PSYoungGen      total 36864K, used 36855K [0x00000000eab00000, 0x00000000ef300000, 0x0000000100000000)
  eden space 31744K, 100% used [0x00000000eab00000,0x00000000eca00000,0x00000000eca00000)
  from space 5120K, 99% used [0x00000000eca00000,0x00000000ecefdf38,0x00000000ecf00000)
  to   space 5120K, 0% used [0x00000000eee00000,0x00000000eee00000,0x00000000ef300000)
 ParOldGen       total 84992K, used 3132K [0x00000000c0000000, 0x00000000c5300000, 0x00000000eab00000)
  object space 84992K, 3% used [0x00000000c0000000,0x00000000c030f298,0x00000000c5300000)
 Metaspace       used 3820K, capacity 4944K, committed 5120K, reserved 1056768K
  class space    used 405K, capacity 456K, committed 512K, reserved 1048576K
Event: 0.396 GC heap after
Heap after GC invocations=2 (full 0):
 PSYoungGen      total 68608K, used 5119K [0x00000000eab00000, 0x00000000ef300000, 0x0000000100000000)
  eden space 63488K, 0% used [0x00000000eab00000,0x00000000eab00000,0x00000000ee900000)
  from space 5120K, 99% used [0x00000000eee00000,0x00000000ef2ffda0,0x00000000ef300000)
  to   space 5120K, 0% used [0x00000000ee900000,0x00000000ee900000,0x00000000eee00000)
 ParOldGen       total 84992K, used 76922K [0x00000000c0000000, 0x00000000c5300000, 0x00000000eab00000)
  object space 84992K, 90% used [0x00000000c0000000,0x00000000c4b1e828,0x00000000c5300000)
 Metaspace       used 3820K, capacity 4944K, committed 5120K, reserved 1056768K
  class space    used 405K, capacity 456K, committed 512K, reserved 1048576K
}
Event: 0.396 GC heap before
{Heap before GC invocations=3 (full 1):
 PSYoungGen      total 68608K, used 5119K [0x00000000eab00000, 0x00000000ef300000, 0x0000000100000000)
  eden space 63488K, 0% used [0x00000000eab00000,0x00000000eab00000,0x00000000ee900000)
  from space 5120K, 99% used [0x00000000eee00000,0x00000000ef2ffda0,0x00000000ef300000)
  to   space 5120K, 0% used [0x00000000ee900000,0x00000000ee900000,0x00000000eee00000)
 ParOldGen       total 84992K, used 76922K [0x00000000c0000000, 0x00000000c5300000, 0x00000000eab00000)
  object space 84992K, 90% used [0x00000000c0000000,0x00000000c4b1e828,0x00000000c5300000)
 Metaspace       used 3820K, capacity 4944K, committed 5120K, reserved 1056768K
  class space    used 405K, capacity 456K, committed 512K, reserved 1048576K
Event: 0.408 GC heap after
Heap after GC invocations=3 (full 1):
 PSYoungGen      total 68608K, used 0K [0x00000000eab00000, 0x00000000ef300000, 0x0000000100000000)
  eden space 63488K, 0% used [0x00000000eab00000,0x00000000eab00000,0x00000000ee900000)
  from space 5120K, 0% used [0x00000000eee00000,0x00000000eee00000,0x00000000ef300000)
  to   space 5120K, 0% used [0x00000000ee900000,0x00000000ee900000,0x00000000eee00000)
 ParOldGen       total 145408K, used 17599K [0x00000000c0000000, 0x00000000c8e00000, 0x00000000eab00000)
  object space 145408K, 12% used [0x00000000c0000000,0x00000000c112fd78,0x00000000c8e00000)
 Metaspace       used 3820K, capacity 4944K, committed 5120K, reserved 1056768K
  class space    used 405K, capacity 456K, committed 512K, reserved 1048576K
}
Event: 0.807 GC heap before
{Heap before GC invocations=4 (full 1):
 PSYoungGen      total 68608K, used 63488K [0x00000000eab00000, 0x00000000ef300000, 0x0000000100000000)
  eden space 63488K, 100% used [0x00000000eab00000,0x00000000ee900000,0x00000000ee900000)
  from space 5120K, 0% used [0x00000000eee00000,0x00000000eee00000,0x00000000ef300000)
  to   space 5120K, 0% used [0x00000000ee900000,0x00000000ee900000,0x00000000eee00000)
 ParOldGen       total 145408K, used 17599K [0x00000000c0000000, 0x00000000c8e00000, 0x00000000eab00000)
  object space 145408K, 12% used [0x00000000c0000000,0x00000000c112fd78,0x00000000c8e00000)
 Metaspace       used 4398K, capacity 5424K, committed 5632K, reserved 1056768K
  class space    used 459K, capacity 488K, committed 512K, reserved 1048576K
Event: 0.814 GC heap after
Heap after GC invocations=4 (full 1):
 PSYoungGen      total 68608K, used 3989K [0x00000000eab00000, 0x00000000f2600000, 0x0000000100000000)
  eden space 63488K, 0% used [0x00000000eab00000,0x00000000eab00000,0x00000000ee900000)
  from space 5120K, 77% used [0x00000000ee900000,0x00000000eece5468,0x00000000eee00000)
  to   space 5120K, 0% used [0x00000000f2100000,0x00000000f2100000,0x00000000f2600000)
 ParOldGen       total 145408K, used 17607K [0x00000000c0000000, 0x00000000c8e00000, 0x00000000eab00000)
  object space 145408K, 12% used [0x00000000c0000000,0x00000000c1131d78,0x00000000c8e00000)
 Metaspace       used 4398K, capacity 5424K, committed 5632K, reserved 1056768K
  class space    used 459K, capacity 488K, committed 512K, reserved 1048576K
}
Event: 1.001 GC heap before
{Heap before GC invocations=5 (full 1):
 PSYoungGen      total 68608K, used 65778K [0x00000000eab00000, 0x00000000f2600000, 0x0000000100000000)
  eden space 63488K, 97% used [0x00000000eab00000,0x00000000ee7576c8,0x00000000ee900000)
  from space 5120K, 77% used [0x00000000ee900000,0x00000000eece5468,0x00000000eee00000)
  to   space 5120K, 0% used [0x00000000f2100000,0x00000000f2100000,0x00000000f2600000)
 ParOldGen       total 145408K, used 17607K [0x00000000c0000000, 0x00000000c8e00000, 0x00000000eab00000)
  object space 145408K, 12% used [0x00000000c0000000,0x00000000c1131d78,0x00000000c8e00000)
 Metaspace       used 4732K, capacity 5432K, committed 5632K, reserved 1056768K
  class space    used 494K, capacity 496K, committed 512K, reserved 1048576K
Event: 1.006 GC heap after
Heap after GC invocations=5 (full 1):
 PSYoungGen      total 116736K, used 3040K [0x00000000eab00000, 0x00000000f2400000, 0x0000000100000000)
  eden space 113664K, 0% used [0x00000000eab00000,0x00000000eab00000,0x00000000f1a00000)
  from space 3072K, 98% used [0x00000000f2100000,0x00000000f23f8018,0x00000000f2400000)
  to   space 5120K, 0% used [0x00000000f1a00000,0x00000000f1a00000,0x00000000f1f00000)
 ParOldGen       total 145408K, used 17615K [0x00000000c0000000, 0x00000000c8e00000, 0x00000000eab00000)
  object space 145408K, 12% used [0x00000000c0000000,0x00000000c1133d78,0x00000000c8e00000)
 Metaspace       used 4732K, capacity 5432K, committed 5632K, reserved 1056768K
  class space    used 494K, capacity 496K, committed 512K, reserved 1048576K
}
Event: 1.230 GC heap before
{Heap before GC invocations=6 (full 1):
 PSYoungGen      total 116736K, used 116704K [0x00000000eab00000, 0x00000000f2400000, 0x0000000100000000)
  eden space 113664K, 100% used [0x00000000eab00000,0x00000000f1a00000,0x00000000f1a00000)
  from space 3072K, 98% used [0x00000000f2100000,0x00000000f23f8018,0x00000000f2400000)
  to   space 5120K, 0% used [0x00000000f1a00000,0x00000000f1a00000,0x00000000f1f00000)
 ParOldGen       total 145408K, used 17615K [0x00000000c0000000, 0x00000000c8e00000, 0x00000000eab00000)
  object space 145408K, 12% used [0x00000000c0000000,0x00000000c1133d78,0x00000000c8e00000)
 Metaspace       used 4746K, capacity 5464K, committed 5760K, reserved 1056768K
  class space    used 495K, capacity 528K, committed 640K, reserved 1048576K

